<?xml version="1.0" encoding="UTF-8"?>
<!-- Generated by org.testng.reporters.JUnitXMLReporter -->
<testsuite hostname="DESKTOP-425GI1R" ignored="0" name="Default test" tests="6" failures="0" timestamp="25 Aug 2022 11:32:25 GMT" time="13.605" errors="0">
  <testcase name="addPet" time="4.139" classname="org.petstore.RestServices"/>
  <testcase name="addPet" time="2.409" classname="org.petstore.RestServices"/>
  <testcase name="addPet" time="1.485" classname="org.petstore.RestServices"/>
  <testcase name="retrievePet" time="1.902" classname="org.petstore.RestServices"/>
  <testcase name="updatePet" time="1.727" classname="org.petstore.RestServices"/>
  <testcase name="findByStatus" time="1.925" classname="org.petstore.RestServices"/>
</testsuite> <!-- Default test -->
